<?xml version="1.0" encoding="UTF-8"?>
<!-- Generated by org.testng.reporters.JUnitXMLReporter -->
<testsuite ignored="0" hostname="lica-MACH-WX9" failures="0" tests="32" name="Command line test" time="0.215" errors="0" timestamp="2021-08-10T18:10:31 PET">
  <testcase classname="cs.exam.AppSystemTest" name="testCaseAddSensor" time="0.008"/>
  <testcase classname="cs.exam.AppSystemTest" name="testCaseAddSensor" time="0.046"/>
  <testcase classname="cs.exam.AppSystemTest" name="testCaseAddSensor" time="0.048"/>
  <testcase classname="cs.exam.AppSystemTest" name="testCaseAddSensor" time="0.049"/>
  <testcase classname="cs.exam.AppSystemTest" name="testCaseAddSensor" time="0.05"/>
  <testcase classname="cs.exam.AppSystemTest" name="testCaseAddSensor" time="0.05"/>
  <testcase classname="cs.exam.AppSystemTest" name="testCaseAddSensor" time="0.054"/>
  <testcase classname="cs.exam.AppSystemTest" name="testCaseAddSensor" time="0.055"/>
  <testcase classname="cs.exam.AppSystemTest" name="testCaseAddSensor" time="0.056"/>
  <testcase classname="cs.exam.AppSystemTest" name="testCaseAddSensor" time="0.056"/>
  <testcase classname="cs.exam.AppSystemTest" name="testCaseGetSensor" time="0.017"/>
  <testcase classname="cs.exam.AppSystemTest" name="testCaseGetSensor" time="0.008"/>
  <testcase classname="cs.exam.AppSystemTest" name="testCaseGetSensor" time="0.007"/>
  <testcase classname="cs.exam.AppSystemTest" name="testCaseGetSensor" time="0.008"/>
  <testcase classname="cs.exam.AppSystemTest" name="testCaseGetSensor" time="0.007"/>
  <testcase classname="cs.exam.AppSystemTest" name="testCaseGetSensor" time="0.005"/>
  <testcase classname="cs.exam.AppSystemTest" name="testCaseGetSensor" time="0.007"/>
  <testcase classname="cs.exam.AppSystemTest" name="testCaseGetSensor" time="0.005"/>
  <testcase classname="cs.exam.AppSystemTest" name="testCaseGetSensor" time="0.004"/>
  <testcase classname="cs.exam.AppSystemTest" name="testCaseGetSensor" time="0.008"/>
  <testcase classname="cs.exam.AppSystemTest" name="testCaseLogout" time="0.0"/>
  <testcase classname="cs.exam.AppSystemTest" name="testCaseRegister" time="0.0"/>
  <testcase classname="cs.exam.AppSystemTest" name="testCaseRemoveSensor" time="0.001"/>
  <testcase classname="cs.exam.AppSystemTest" name="testCaseRemoveSensor" time="0.002"/>
  <testcase classname="cs.exam.AppSystemTest" name="testCaseRemoveSensor" time="0.001"/>
  <testcase classname="cs.exam.AppSystemTest" name="testCaseRemoveSensor" time="0.001"/>
  <testcase classname="cs.exam.AppSystemTest" name="testCaseRemoveSensor" time="0.002"/>
  <testcase classname="cs.exam.AppSystemTest" name="testCaseRemoveSensor" time="0.002"/>
  <testcase classname="cs.exam.AppSystemTest" name="testCaseRemoveSensor" time="0.002"/>
  <testcase classname="cs.exam.AppSystemTest" name="testCaseRemoveSensor" time="0.002"/>
  <testcase classname="cs.exam.AppSystemTest" name="testCaseRemoveSensor" time="0.001"/>
  <testcase classname="cs.exam.AppSystemTest" name="testCaseRemoveSensor" time="0.002"/>
</testsuite> <!-- Command line test -->
